<?xml version="1.0" encoding="UTF-8"?>
<con:soapui-workspace name="Microservices" soapui-version="5.2.1" xmlns:con="http://eviware.com/soapui/config">
  <con:settings/>
  <con:project name="product-service">C:/Workspace/personal/microservices/test-soapui/product-service-soapui-project.xml</con:project>
</con:soapui-workspace>