<?xml version="1.0" encoding="UTF-8"?>
<con:soapui-workspace name="Microservices" soapui-version="5.2.1" xmlns:con="http://eviware.com/soapui/config">
  <con:settings/>
  <con:project name="product-service">C:/Workspace/personal/microservices/projects/test-soapui/product-service-soapui-project.xml</con:project>
  <con:project name="order-service">C:/Workspace/personal/microservices/projects/test-soapui/order-service-soapui-project.xml</con:project>
  <con:project name="edge-service">C:/Workspace/personal/microservices/projects/test-soapui/edge-service-soapui-project.xml</con:project>
  <con:project name="config-server">C:/Workspace/personal/microservices/projects/test-soapui/config-server-soapui-project.xml</con:project>
  <con:collectInfoForSupport>false</con:collectInfoForSupport>
</con:soapui-workspace>